May-10 16:22:21.189 [main] DEBUG nextflow.cli.Launcher - $> nextflow run scriptnew.nf -profile conda
May-10 16:22:21.491 [main] INFO  nextflow.cli.CmdRun - N E X T F L O W  ~  version 23.10.0
May-10 16:22:21.541 [main] DEBUG nextflow.plugin.PluginsFacade - Setting up plugin manager > mode=prod; embedded=false; plugins-dir=/root/.nextflow/plugins; core-plugins: nf-amazon@2.1.4,nf-azure@1.3.2,nf-cloudcache@0.3.0,nf-codecommit@0.1.5,nf-console@1.0.6,nf-ga4gh@1.1.0,nf-google@1.8.3,nf-tower@1.6.3,nf-wave@1.0.0
May-10 16:22:21.564 [main] INFO  o.pf4j.DefaultPluginStatusProvider - Enabled plugins: []
May-10 16:22:21.565 [main] INFO  o.pf4j.DefaultPluginStatusProvider - Disabled plugins: []
May-10 16:22:21.570 [main] INFO  org.pf4j.DefaultPluginManager - PF4J version 3.4.1 in 'deployment' mode
May-10 16:22:21.584 [main] INFO  org.pf4j.AbstractPluginManager - No plugins
May-10 16:22:21.610 [main] DEBUG nextflow.config.ConfigBuilder - Found config local: /home/eaderogba279/Bionformatics_Projects/VariantCall_Nextflow/nextflow.config
May-10 16:22:21.612 [main] DEBUG nextflow.config.ConfigBuilder - Parsing config file: /home/eaderogba279/Bionformatics_Projects/VariantCall_Nextflow/nextflow.config
May-10 16:22:21.661 [main] DEBUG nextflow.config.ConfigBuilder - Applying config profile: `conda`
May-10 16:22:22.395 [main] DEBUG nextflow.config.ConfigBuilder - Available config profiles: [conda, docker]
May-10 16:22:22.432 [main] DEBUG nextflow.cli.CmdRun - Applied DSL=2 by global default
May-10 16:22:22.455 [main] INFO  nextflow.cli.CmdRun - Launching `scriptnew.nf` [pensive_ride] DSL2 - revision: 97b52d24d3
May-10 16:22:22.456 [main] DEBUG nextflow.plugin.PluginsFacade - Plugins default=[]
May-10 16:22:22.457 [main] DEBUG nextflow.plugin.PluginsFacade - Plugins resolved requirement=[]
May-10 16:22:22.472 [main] DEBUG n.secret.LocalSecretsProvider - Secrets store: /root/.nextflow/secrets/store.json
May-10 16:22:22.482 [main] DEBUG nextflow.secret.SecretsLoader - Discovered secrets providers: [nextflow.secret.LocalSecretsProvider@7ab34619] - activable => nextflow.secret.LocalSecretsProvider@7ab34619
May-10 16:22:22.567 [main] DEBUG nextflow.Session - Session UUID: f93d9445-5875-4e4c-8c2d-cec1f17f5e7d
May-10 16:22:22.567 [main] DEBUG nextflow.Session - Run name: pensive_ride
May-10 16:22:22.568 [main] DEBUG nextflow.Session - Executor pool size: 4
May-10 16:22:22.577 [main] DEBUG nextflow.file.FilePorter - File porter settings maxRetries=3; maxTransfers=50; pollTimeout=null
May-10 16:22:22.602 [main] DEBUG nextflow.cli.CmdRun - 
  Version: 23.10.0 build 5889
  Created: 15-10-2023 15:07 UTC (16:07 WAST)
  System: Linux 6.5.0-28-generic
  Runtime: Groovy 3.0.19 on Java HotSpot(TM) 64-Bit Server VM 21.0.1+12-LTS-29
  Encoding: UTF-8 (UTF-8)
  Process: 8001@eaderogba279-Latitude-7480 [127.0.1.1]
  CPUs: 4 - Mem: 15.5 GB (7.3 GB) - Swap: 2 GB (2 GB) - Virtual threads ON
May-10 16:22:22.626 [main] DEBUG nextflow.Session - Work-dir: /home/eaderogba279/Bionformatics_Projects/VariantCall_Nextflow/work [ext2/ext3]
May-10 16:22:22.627 [main] DEBUG nextflow.Session - Script base path does not exist or is not a directory: /home/eaderogba279/Bionformatics_Projects/VariantCall_Nextflow/bin
May-10 16:22:22.639 [main] DEBUG nextflow.executor.ExecutorFactory - Extension executors providers=[]
May-10 16:22:22.652 [main] DEBUG nextflow.Session - Observer factory: DefaultObserverFactory
May-10 16:22:22.675 [main] DEBUG nextflow.cache.CacheFactory - Using Nextflow cache factory: nextflow.cache.DefaultCacheFactory
May-10 16:22:22.687 [main] DEBUG nextflow.util.CustomPoolFactory - Creating virtual thread pool
May-10 16:22:22.764 [main] DEBUG nextflow.Session - Session start
May-10 16:22:23.262 [main] DEBUG nextflow.script.ScriptRunner - > Launching execution
May-10 16:22:23.436 [main] DEBUG nextflow.executor.ExecutorFactory - << taskConfig executor: null
May-10 16:22:23.437 [main] DEBUG nextflow.executor.ExecutorFactory - >> processorType: 'local'
May-10 16:22:23.442 [main] DEBUG nextflow.executor.Executor - [warm up] executor > local
May-10 16:22:23.449 [main] DEBUG n.processor.LocalPollingMonitor - Creating local task monitor for executor 'local' > cpus=4; memory=15.5 GB; capacity=4; pollInterval=100ms; dumpInterval=5m
May-10 16:22:23.452 [main] DEBUG n.processor.TaskPollingMonitor - >>> barrier register (monitor: local)
May-10 16:22:23.539 [main] DEBUG nextflow.executor.ExecutorFactory - << taskConfig executor: null
May-10 16:22:23.539 [main] DEBUG nextflow.executor.ExecutorFactory - >> processorType: 'local'
May-10 16:22:23.549 [main] DEBUG nextflow.executor.ExecutorFactory - << taskConfig executor: null
May-10 16:22:23.549 [main] DEBUG nextflow.executor.ExecutorFactory - >> processorType: 'local'
May-10 16:22:23.563 [main] DEBUG nextflow.executor.ExecutorFactory - << taskConfig executor: null
May-10 16:22:23.563 [main] DEBUG nextflow.executor.ExecutorFactory - >> processorType: 'local'
May-10 16:22:23.577 [main] DEBUG nextflow.Session - Workflow process names [dsl2]: FASTQC, MULTIQC, MAPPING, BWA_INDEX
May-10 16:22:23.579 [main] DEBUG nextflow.Session - Igniting dataflow network (7)
May-10 16:22:23.590 [main] DEBUG nextflow.processor.TaskProcessor - Starting process > BWA_INDEX
May-10 16:22:23.591 [PathVisitor-3] DEBUG nextflow.file.PathVisitor - files for syntax: glob; folder: /home/eaderogba279/Bionformatics_Projects/VariantCall_Nextflow/data/; pattern: *_{1,2}.fastq; options: [checkIfExists:true]
May-10 16:22:23.599 [main] DEBUG nextflow.processor.TaskProcessor - Starting process > FASTQC
May-10 16:22:23.601 [main] DEBUG nextflow.processor.TaskProcessor - Starting process > MULTIQC
May-10 16:22:23.605 [main] DEBUG nextflow.processor.TaskProcessor - Starting process > MAPPING
May-10 16:22:23.624 [main] DEBUG nextflow.script.ScriptRunner - Parsed script files:
  Script_cb25e602da98a038: /home/eaderogba279/Bionformatics_Projects/VariantCall_Nextflow/scriptnew.nf
May-10 16:22:23.624 [main] DEBUG nextflow.script.ScriptRunner - > Awaiting termination 
May-10 16:22:23.624 [main] DEBUG nextflow.Session - Session await
May-10 16:22:23.833 [Task submitter] DEBUG n.executor.local.LocalTaskHandler - Launch cmd line: /bin/bash -ue .command.run
May-10 16:22:23.835 [Task submitter] INFO  nextflow.Session - [64/94f093] Submitted process > MAPPING (MAPPING on SRR13500958)
May-10 16:22:23.853 [Task submitter] DEBUG n.executor.local.LocalTaskHandler - Launch cmd line: /bin/bash -ue .command.run
May-10 16:22:23.854 [Task submitter] INFO  nextflow.Session - [ac/321f5f] Submitted process > FASTQC (FASTQC on SRR13500958)
May-10 16:22:23.859 [Task submitter] DEBUG n.executor.local.LocalTaskHandler - Launch cmd line: /bin/bash -ue .command.run
May-10 16:22:23.860 [Task submitter] INFO  nextflow.Session - [2a/5e4f4b] Submitted process > MAPPING (MAPPING on ERR5405022)
May-10 16:22:23.880 [Task submitter] DEBUG n.executor.local.LocalTaskHandler - Launch cmd line: /bin/bash -ue .command.run
May-10 16:22:23.882 [Task submitter] INFO  nextflow.Session - [ea/6bd6b2] Submitted process > MAPPING (MAPPING on ERR5181310)
May-10 16:22:23.914 [Task monitor] DEBUG n.processor.TaskPollingMonitor - Task completed > TaskHandler[id: 9; name: MAPPING (MAPPING on SRR13500958); status: COMPLETED; exit: 1; error: -; workDir: /home/eaderogba279/Bionformatics_Projects/VariantCall_Nextflow/work/64/94f09389f55793127b26e5f7d90253]
May-10 16:22:23.917 [Task submitter] DEBUG n.executor.local.LocalTaskHandler - Launch cmd line: /bin/bash -ue .command.run
May-10 16:22:23.918 [Task submitter] INFO  nextflow.Session - [95/ff3f9f] Submitted process > BWA_INDEX
May-10 16:22:23.925 [Task monitor] DEBUG nextflow.processor.TaskProcessor - Handling unexpected condition for
  task: name=MAPPING (MAPPING on SRR13500958); work-dir=/home/eaderogba279/Bionformatics_Projects/VariantCall_Nextflow/work/64/94f09389f55793127b26e5f7d90253
  error [nextflow.exception.ProcessFailedException]: Process `MAPPING (MAPPING on SRR13500958)` terminated with an error exit status (1)
May-10 16:22:23.959 [Task monitor] ERROR nextflow.processor.TaskProcessor - Error executing process > 'MAPPING (MAPPING on SRR13500958)'

Caused by:
  Process `MAPPING (MAPPING on SRR13500958)` terminated with an error exit status (1)

Command executed:

  bwa-mem2 mem -t 1 /home/eaderogba279/Bionformatics_Projects/VariantCall_Nextflow/reference/MN908947.fasta SRR13500958_1.fastq SRR13500958_2.fastq | samtools view -Sb - > "SRR13500958.bam"

Command exit status:
  1

Command output:
  (empty)

Command error:
  .command.sh: line 2: bwa-mem2: command not found
  [main_samview] fail to read the header from "-".

Work dir:
  /home/eaderogba279/Bionformatics_Projects/VariantCall_Nextflow/work/64/94f09389f55793127b26e5f7d90253

Tip: you can try to figure out what's wrong by changing to the process work dir and showing the script file named `.command.sh`
May-10 16:22:23.984 [Task monitor] DEBUG nextflow.Session - Session aborted -- Cause: Process `MAPPING (MAPPING on SRR13500958)` terminated with an error exit status (1)
May-10 16:22:24.030 [Task monitor] DEBUG nextflow.Session - The following nodes are still active:
[process] MULTIQC
  status=ACTIVE
  port 0: (value) OPEN  ; channel: *
  port 1: (cntrl) -     ; channel: $

May-10 16:22:24.033 [main] DEBUG nextflow.Session - Session await > all processes finished
May-10 16:22:24.033 [main] DEBUG nextflow.Session - Session await > all barriers passed
May-10 16:22:24.039 [main] WARN  n.processor.TaskPollingMonitor - Killing running tasks (4)
May-10 16:22:24.046 [Task monitor] DEBUG n.processor.TaskPollingMonitor - Task completed > TaskHandler[id: 10; name: MAPPING (MAPPING on ERR5405022); status: COMPLETED; exit: 1; error: -; workDir: /home/eaderogba279/Bionformatics_Projects/VariantCall_Nextflow/work/2a/5e4f4b09682bccf2b2f0f51a7e2761]
May-10 16:22:24.047 [Task monitor] DEBUG nextflow.processor.TaskProcessor - Handling unexpected condition for
  task: name=MAPPING (MAPPING on ERR5405022); work-dir=/home/eaderogba279/Bionformatics_Projects/VariantCall_Nextflow/work/2a/5e4f4b09682bccf2b2f0f51a7e2761
  error [nextflow.exception.ProcessFailedException]: Process `MAPPING (MAPPING on ERR5405022)` terminated with an error exit status (1)
May-10 16:22:24.066 [Task monitor] DEBUG n.processor.TaskPollingMonitor - <<< barrier arrives (monitor: local) - terminating tasks monitor poll loop
May-10 16:22:24.068 [Actor Thread 49] DEBUG nextflow.processor.TaskProcessor - Handling unexpected condition for
  task: name=MULTIQC; work-dir=null
  error [java.lang.InterruptedException]: java.lang.InterruptedException
May-10 16:22:24.076 [main] DEBUG n.executor.local.LocalTaskHandler - Unable to kill MAPPING (MAPPING on ERR5181310) -- command: kill -TERM 8223; exit: 1 
 bash: line 1: kill: (8223) - No such process

May-10 16:22:24.083 [main] DEBUG n.executor.local.LocalTaskHandler - Unable to kill BWA_INDEX -- command: kill -TERM 8239; exit: 1 
 bash: line 1: kill: (8239) - No such process

May-10 16:22:24.084 [main] DEBUG n.trace.WorkflowStatsObserver - Workflow completed > WorkflowStats[succeededCount=0; failedCount=2; ignoredCount=0; cachedCount=0; pendingCount=6; submittedCount=2; runningCount=-2; retriesCount=0; abortedCount=3; succeedDuration=0ms; failedDuration=42ms; cachedDuration=0ms;loadCpus=-2; loadMemory=0; peakRunning=2; peakCpus=2; peakMemory=0; ]
May-10 16:22:24.191 [main] DEBUG nextflow.cache.CacheDB - Closing CacheDB done
May-10 16:22:24.260 [main] DEBUG nextflow.script.ScriptRunner - > Execution complete -- Goodbye
