Looking to launch executable "/home/eaderogba279/anaconda3/bin/bwa-mem2.avx2", simd = .avx2
Launching executable "/home/eaderogba279/anaconda3/bin/bwa-mem2.avx2"
-----------------------------
Executing in AVX2 mode!!
-----------------------------
* SA compression enabled with xfactor: 8
* Ref file: /home/eaderogba279/Bionformatics_Projects/VariantCall_Nextflow/reference/MN908947.fasta
* Entering FMI_search
* Index file found. Loading index from /home/eaderogba279/Bionformatics_Projects/VariantCall_Nextflow/reference/MN908947.fasta.bwt.2bit.64
* Reference seq len for bi-index = 59807
* sentinel-index: 17048
* Count:
0,	1
1,	18549
2,	29904
3,	41259
4,	59807

* Reading other elements of the index from files /home/eaderogba279/Bionformatics_Projects/VariantCall_Nextflow/reference/MN908947.fasta
* Index prefix: /home/eaderogba279/Bionformatics_Projects/VariantCall_Nextflow/reference/MN908947.fasta
* Read 0 ALT contigs
* Done reading Index!!
* Reading reference genome..
* Binary seq file = /home/eaderogba279/Bionformatics_Projects/VariantCall_Nextflow/reference/MN908947.fasta.0123
* Reference genome size: 59806 bp
* Done reading reference genome !!

------------------------------------------
1. Memory pre-allocation for Chaining: 139.3584 MB
2. Memory pre-allocation for BSW: 239.6170 MB
3. Memory pre-allocation for BWT: 77.3142 MB
------------------------------------------
* Threads used (compute): 1
* No. of pipeline threads: 2

[0000] read_chunk: 10000000, work_chunk_size: 10000003, nseq: 71994
	[0000][ M::kt_pipeline] read 71994 sequences (10000003 bp)...
[0000] Reallocating initial memory allocations!!
[0000] Calling mem_process_seqs.., task: 0
[0000] 1. Calling kt_for - worker_bwt
[0000] read_chunk: 10000000, work_chunk_size: 10000163, nseq: 72006
	[0000][ M::kt_pipeline] read 72006 sequences (10000163 bp)...
[0000] 2. Calling kt_for - worker_aln
[0000] Inferring insert size distribution of PE reads from data, l_pac: 29903, n: 71994
[0000][PE] # candidate unique pairs for (FF, FR, RF, RR): (3, 35932, 2, 2)
[0000][PE] skip orientation FF as there are not enough pairs
[0000][PE] analyzing insert size distribution for orientation FR...
[0000][PE] (25, 50, 75) percentile: (143, 182, 226)
[0000][PE] low and high boundaries for computing mean and std.dev: (1, 392)
[0000][PE] mean and std.dev: (186.45, 62.64)
[0000][PE] low and high boundaries for proper pairs: (1, 475)
[0000][PE] skip orientation RF as there are not enough pairs
[0000][PE] skip orientation RR as there are not enough pairs
[0000] 3. Calling kt_for - worker_sam
	[0000][ M::mem_process_seqs] Processed 71994 reads in 3.000 CPU sec, 3.539 real sec
[0000] Reallocating initial memory allocations!!
[0000] Calling mem_process_seqs.., task: 1
[0000] 1. Calling kt_for - worker_bwt
[0000] read_chunk: 10000000, work_chunk_size: 10000255, nseq: 71926
	[0000][ M::kt_pipeline] read 71926 sequences (10000255 bp)...
[0000] 2. Calling kt_for - worker_aln
[0000] Inferring insert size distribution of PE reads from data, l_pac: 29903, n: 72006
[0000][PE] # candidate unique pairs for (FF, FR, RF, RR): (3, 35928, 0, 2)
[0000][PE] skip orientation FF as there are not enough pairs
[0000][PE] analyzing insert size distribution for orientation FR...
[0000][PE] (25, 50, 75) percentile: (145, 185, 232)
[0000][PE] low and high boundaries for computing mean and std.dev: (1, 406)
[0000][PE] mean and std.dev: (190.27, 65.26)
[0000][PE] low and high boundaries for proper pairs: (1, 493)
[0000][PE] skip orientation RF as there are not enough pairs
[0000][PE] skip orientation RR as there are not enough pairs
[0000] 3. Calling kt_for - worker_sam
	[0000][ M::mem_process_seqs] Processed 72006 reads in 3.229 CPU sec, 4.267 real sec
[0000] Calling mem_process_seqs.., task: 2
[0000] 1. Calling kt_for - worker_bwt
[0000] read_chunk: 10000000, work_chunk_size: 10000055, nseq: 72172
	[0000][ M::kt_pipeline] read 72172 sequences (10000055 bp)...
[0000] 2. Calling kt_for - worker_aln
[0000] Inferring insert size distribution of PE reads from data, l_pac: 29903, n: 71926
[0000][PE] # candidate unique pairs for (FF, FR, RF, RR): (1, 35931, 1, 1)
[0000][PE] skip orientation FF as there are not enough pairs
[0000][PE] analyzing insert size distribution for orientation FR...
[0000][PE] (25, 50, 75) percentile: (144, 183, 233)
[0000][PE] low and high boundaries for computing mean and std.dev: (1, 411)
[0000][PE] mean and std.dev: (189.68, 65.17)
[0000][PE] low and high boundaries for proper pairs: (1, 500)
[0000][PE] skip orientation RF as there are not enough pairs
[0000][PE] skip orientation RR as there are not enough pairs
[0000] 3. Calling kt_for - worker_sam
	[0000][ M::mem_process_seqs] Processed 71926 reads in 3.420 CPU sec, 4.261 real sec
[0000] Reallocating initial memory allocations!!
[0000] Calling mem_process_seqs.., task: 3
[0000] 1. Calling kt_for - worker_bwt
[W::bseq_read_orig] the 2nd file has fewer sequences.
[0000] read_chunk: 10000000, work_chunk_size: 2908560, nseq: 21034
	[0000][ M::kt_pipeline] read 21034 sequences (2908560 bp)...
[0000] 2. Calling kt_for - worker_aln
[0000] Inferring insert size distribution of PE reads from data, l_pac: 29903, n: 72172
[0000][PE] # candidate unique pairs for (FF, FR, RF, RR): (5, 35946, 3, 0)
[0000][PE] skip orientation FF as there are not enough pairs
[0000][PE] analyzing insert size distribution for orientation FR...
[0000][PE] (25, 50, 75) percentile: (143, 186, 231)
[0000][PE] low and high boundaries for computing mean and std.dev: (1, 407)
[0000][PE] mean and std.dev: (189.37, 64.66)
[0000][PE] low and high boundaries for proper pairs: (1, 495)
[0000][PE] skip orientation RF as there are not enough pairs
[0000][PE] skip orientation RR as there are not enough pairs
[0000] 3. Calling kt_for - worker_sam
	[0000][ M::mem_process_seqs] Processed 72172 reads in 3.382 CPU sec, 4.214 real sec
[0000] Calling mem_process_seqs.., task: 4
[0000] 1. Calling kt_for - worker_bwt
[W::bseq_read_orig] the 2nd file has fewer sequences.
[0000] read_chunk: 10000000, work_chunk_size: 0, nseq: 0
[0000] 2. Calling kt_for - worker_aln
[0000] Inferring insert size distribution of PE reads from data, l_pac: 29903, n: 21034
[0000][PE] # candidate unique pairs for (FF, FR, RF, RR): (0, 10467, 0, 1)
[0000][PE] skip orientation FF as there are not enough pairs
[0000][PE] analyzing insert size distribution for orientation FR...
[0000][PE] (25, 50, 75) percentile: (140, 184, 233)
[0000][PE] low and high boundaries for computing mean and std.dev: (1, 419)
[0000][PE] mean and std.dev: (187.88, 65.28)
[0000][PE] low and high boundaries for proper pairs: (1, 512)
[0000][PE] skip orientation RF as there are not enough pairs
[0000][PE] skip orientation RR as there are not enough pairs
[0000] 3. Calling kt_for - worker_sam
[mem_sam_pe] paired reads have different names: "ERR5405022.154546", "ERR5405022.154564"

[bam_sort_core] merging from 0 files and 20 in-memory blocks...
