Looking to launch executable "/home/eaderogba279/anaconda3/bin/bwa-mem2.avx2", simd = .avx2
Launching executable "/home/eaderogba279/anaconda3/bin/bwa-mem2.avx2"
-----------------------------
Executing in AVX2 mode!!
-----------------------------
* SA compression enabled with xfactor: 8
* Ref file: /home/eaderogba279/Bionformatics_Projects/VariantCall_Nextflow/reference/MN908947.fasta
* Entering FMI_search
* Index file found. Loading index from /home/eaderogba279/Bionformatics_Projects/VariantCall_Nextflow/reference/MN908947.fasta.bwt.2bit.64
* Reference seq len for bi-index = 59807
* sentinel-index: 17048
* Count:
0,	1
1,	18549
2,	29904
3,	41259
4,	59807

* Reading other elements of the index from files /home/eaderogba279/Bionformatics_Projects/VariantCall_Nextflow/reference/MN908947.fasta
* Index prefix: /home/eaderogba279/Bionformatics_Projects/VariantCall_Nextflow/reference/MN908947.fasta
* Read 0 ALT contigs
* Done reading Index!!
* Reading reference genome..
* Binary seq file = /home/eaderogba279/Bionformatics_Projects/VariantCall_Nextflow/reference/MN908947.fasta.0123
* Reference genome size: 59806 bp
* Done reading reference genome !!

------------------------------------------
1. Memory pre-allocation for Chaining: 139.3584 MB
2. Memory pre-allocation for BSW: 239.6170 MB
3. Memory pre-allocation for BWT: 77.3142 MB
------------------------------------------
* Threads used (compute): 1
* No. of pipeline threads: 2

[0000] read_chunk: 10000000, work_chunk_size: 10000345, nseq: 63898
	[0000][ M::kt_pipeline] read 63898 sequences (10000345 bp)...
[0000] Calling mem_process_seqs.., task: 0
[0000] 1. Calling kt_for - worker_bwt
[0000] read_chunk: 10000000, work_chunk_size: 10000156, nseq: 55302
	[0000][ M::kt_pipeline] read 55302 sequences (10000156 bp)...
[0000] 2. Calling kt_for - worker_aln
[0000] Inferring insert size distribution of PE reads from data, l_pac: 29903, n: 63898
[0000][PE] # candidate unique pairs for (FF, FR, RF, RR): (0, 26478, 8, 0)
[0000][PE] skip orientation FF as there are not enough pairs
[0000][PE] analyzing insert size distribution for orientation FR...
[0000][PE] (25, 50, 75) percentile: (379, 392, 397)
[0000][PE] low and high boundaries for computing mean and std.dev: (343, 433)
[0000][PE] mean and std.dev: (392.89, 8.55)
[0000][PE] low and high boundaries for proper pairs: (325, 451)
[0000][PE] skip orientation RF as there are not enough pairs
[0000][PE] skip orientation RR as there are not enough pairs
[0000] 3. Calling kt_for - worker_sam
	[0000][ M::mem_process_seqs] Processed 63898 reads in 3.661 CPU sec, 4.305 real sec
[0000] Calling mem_process_seqs.., task: 1
[0000] 1. Calling kt_for - worker_bwt
[0000] read_chunk: 10000000, work_chunk_size: 10000081, nseq: 55208
	[0000][ M::kt_pipeline] read 55208 sequences (10000081 bp)...
[0000] 2. Calling kt_for - worker_aln
[0000] Inferring insert size distribution of PE reads from data, l_pac: 29903, n: 55302
[0000][PE] # candidate unique pairs for (FF, FR, RF, RR): (4, 25729, 2, 2)
[0000][PE] skip orientation FF as there are not enough pairs
[0000][PE] analyzing insert size distribution for orientation FR...
[0000][PE] (25, 50, 75) percentile: (382, 392, 394)
[0000][PE] low and high boundaries for computing mean and std.dev: (358, 418)
[0000][PE] mean and std.dev: (389.71, 7.63)
[0000][PE] low and high boundaries for proper pairs: (346, 430)
[0000][PE] skip orientation RF as there are not enough pairs
[0000][PE] skip orientation RR as there are not enough pairs
[0000] 3. Calling kt_for - worker_sam
	[0000][ M::mem_process_seqs] Processed 55302 reads in 3.646 CPU sec, 4.570 real sec
[0000] Calling mem_process_seqs.., task: 2
[0000] 1. Calling kt_for - worker_bwt
[0000] read_chunk: 10000000, work_chunk_size: 10000366, nseq: 51074
	[0000][ M::kt_pipeline] read 51074 sequences (10000366 bp)...
[0000] 2. Calling kt_for - worker_aln
[0000] Inferring insert size distribution of PE reads from data, l_pac: 29903, n: 55208
[0000][PE] # candidate unique pairs for (FF, FR, RF, RR): (0, 25225, 7, 0)
[0000][PE] skip orientation FF as there are not enough pairs
[0000][PE] analyzing insert size distribution for orientation FR...
[0000][PE] (25, 50, 75) percentile: (377, 381, 392)
[0000][PE] low and high boundaries for computing mean and std.dev: (347, 422)
[0000][PE] mean and std.dev: (387.43, 11.23)
[0000][PE] low and high boundaries for proper pairs: (332, 437)
[0000][PE] skip orientation RF as there are not enough pairs
[0000][PE] skip orientation RR as there are not enough pairs
[0000] 3. Calling kt_for - worker_sam
	[0000][ M::mem_process_seqs] Processed 55208 reads in 3.741 CPU sec, 4.577 real sec
[0000] Calling mem_process_seqs.., task: 3
[0000] 1. Calling kt_for - worker_bwt
[0000] read_chunk: 10000000, work_chunk_size: 10000093, nseq: 62622
	[0000][ M::kt_pipeline] read 62622 sequences (10000093 bp)...
[0000] 2. Calling kt_for - worker_aln
[0000] Inferring insert size distribution of PE reads from data, l_pac: 29903, n: 51074
[0000][PE] # candidate unique pairs for (FF, FR, RF, RR): (0, 24684, 1, 0)
[0000][PE] skip orientation FF as there are not enough pairs
[0000][PE] analyzing insert size distribution for orientation FR...
[0000][PE] (25, 50, 75) percentile: (382, 382, 403)
[0000][PE] low and high boundaries for computing mean and std.dev: (340, 445)
[0000][PE] mean and std.dev: (392.00, 13.08)
[0000][PE] low and high boundaries for proper pairs: (319, 466)
[0000][PE] skip orientation RF as there are not enough pairs
[0000][PE] skip orientation RR as there are not enough pairs
[0000] 3. Calling kt_for - worker_sam
	[0000][ M::mem_process_seqs] Processed 51074 reads in 4.295 CPU sec, 5.704 real sec
[0000] Calling mem_process_seqs.., task: 4
[0000] 1. Calling kt_for - worker_bwt
[0000] read_chunk: 10000000, work_chunk_size: 10000103, nseq: 55672
	[0000][ M::kt_pipeline] read 55672 sequences (10000103 bp)...
[0000] 2. Calling kt_for - worker_aln
[0000] Inferring insert size distribution of PE reads from data, l_pac: 29903, n: 62622
[0000][PE] # candidate unique pairs for (FF, FR, RF, RR): (1, 29778, 5, 1)
[0000][PE] skip orientation FF as there are not enough pairs
[0000][PE] analyzing insert size distribution for orientation FR...
[0000][PE] (25, 50, 75) percentile: (28, 385, 388)
[0000][PE] low and high boundaries for computing mean and std.dev: (1, 1108)
[0000][PE] mean and std.dev: (287.37, 163.38)
[0000][PE] low and high boundaries for proper pairs: (1, 1468)
[0000][PE] skip orientation RF as there are not enough pairs
[0000][PE] skip orientation RR as there are not enough pairs
[0000] 3. Calling kt_for - worker_sam
	[0000][ M::mem_process_seqs] Processed 62622 reads in 4.626 CPU sec, 6.454 real sec
[0000] Calling mem_process_seqs.., task: 5
[0000] 1. Calling kt_for - worker_bwt
[W::bseq_read_orig] the 2nd file has fewer sequences.
[0000] read_chunk: 10000000, work_chunk_size: 9840680, nseq: 52888
	[0000][ M::kt_pipeline] read 52888 sequences (9840680 bp)...
[0000] 2. Calling kt_for - worker_aln
[0000] Inferring insert size distribution of PE reads from data, l_pac: 29903, n: 55672
[0000][PE] # candidate unique pairs for (FF, FR, RF, RR): (0, 24388, 2, 0)
[0000][PE] skip orientation FF as there are not enough pairs
[0000][PE] analyzing insert size distribution for orientation FR...
[0000][PE] (25, 50, 75) percentile: (376, 392, 393)
[0000][PE] low and high boundaries for computing mean and std.dev: (342, 427)
[0000][PE] mean and std.dev: (390.42, 11.54)
[0000][PE] low and high boundaries for proper pairs: (325, 444)
[0000][PE] skip orientation RF as there are not enough pairs
[0000][PE] skip orientation RR as there are not enough pairs
[0000] 3. Calling kt_for - worker_sam
	[0000][ M::mem_process_seqs] Processed 55672 reads in 4.768 CPU sec, 6.519 real sec
[0000] Calling mem_process_seqs.., task: 6
[0000] 1. Calling kt_for - worker_bwt
[W::bseq_read_orig] the 2nd file has fewer sequences.
[0000] read_chunk: 10000000, work_chunk_size: 0, nseq: 0
[0000] 2. Calling kt_for - worker_aln
[0000] Inferring insert size distribution of PE reads from data, l_pac: 29903, n: 52888
[0000][PE] # candidate unique pairs for (FF, FR, RF, RR): (0, 25880, 6, 0)
[0000][PE] skip orientation FF as there are not enough pairs
[0000][PE] analyzing insert size distribution for orientation FR...
[0000][PE] (25, 50, 75) percentile: (382, 384, 391)
[0000][PE] low and high boundaries for computing mean and std.dev: (364, 409)
[0000][PE] mean and std.dev: (387.89, 8.32)
[0000][PE] low and high boundaries for proper pairs: (355, 421)
[0000][PE] skip orientation RF as there are not enough pairs
[0000][PE] skip orientation RR as there are not enough pairs
[0000] 3. Calling kt_for - worker_sam
[mem_sam_pe] paired reads have different names: "ERR5743893.198315", "ERR5743893.198342"

[bam_sort_core] merging from 0 files and 20 in-memory blocks...
