Looking to launch executable "/home/eaderogba279/anaconda3/bin/bwa-mem2.avx2", simd = .avx2
Launching executable "/home/eaderogba279/anaconda3/bin/bwa-mem2.avx2"
-----------------------------
Executing in AVX2 mode!!
-----------------------------
* SA compression enabled with xfactor: 8
* Ref file: /home/eaderogba279/Bionformatics_Projects/VariantCall_Nextflow/reference/MN908947.fasta
* Entering FMI_search
* Index file found. Loading index from /home/eaderogba279/Bionformatics_Projects/VariantCall_Nextflow/reference/MN908947.fasta.bwt.2bit.64
* Reference seq len for bi-index = 59807
* sentinel-index: 17048
* Count:
0,	1
1,	18549
2,	29904
3,	41259
4,	59807

* Reading other elements of the index from files /home/eaderogba279/Bionformatics_Projects/VariantCall_Nextflow/reference/MN908947.fasta
* Index prefix: /home/eaderogba279/Bionformatics_Projects/VariantCall_Nextflow/reference/MN908947.fasta
* Read 0 ALT contigs
* Done reading Index!!
* Reading reference genome..
* Binary seq file = /home/eaderogba279/Bionformatics_Projects/VariantCall_Nextflow/reference/MN908947.fasta.0123
* Reference genome size: 59806 bp
* Done reading reference genome !!

------------------------------------------
1. Memory pre-allocation for Chaining: 139.3584 MB
2. Memory pre-allocation for BSW: 239.6170 MB
3. Memory pre-allocation for BWT: 77.3142 MB
------------------------------------------
* Threads used (compute): 1
* No. of pipeline threads: 2

[0000] read_chunk: 10000000, work_chunk_size: 10000414, nseq: 47422
	[0000][ M::kt_pipeline] read 47422 sequences (10000414 bp)...
[0000] Calling mem_process_seqs.., task: 0
[0000] 1. Calling kt_for - worker_bwt
[0000] read_chunk: 10000000, work_chunk_size: 10000002, nseq: 47434
	[0000][ M::kt_pipeline] read 47434 sequences (10000002 bp)...
[0000] 2. Calling kt_for - worker_aln
[0000] Inferring insert size distribution of PE reads from data, l_pac: 29903, n: 47422
[0000][PE] # candidate unique pairs for (FF, FR, RF, RR): (0, 23709, 0, 0)
[0000][PE] skip orientation FF as there are not enough pairs
[0000][PE] analyzing insert size distribution for orientation FR...
[0000][PE] (25, 50, 75) percentile: (385, 385, 393)
[0000][PE] low and high boundaries for computing mean and std.dev: (369, 409)
[0000][PE] mean and std.dev: (388.78, 9.84)
[0000][PE] low and high boundaries for proper pairs: (349, 428)
[0000][PE] skip orientation RF as there are not enough pairs
[0000][PE] skip orientation RR as there are not enough pairs
[0000] 3. Calling kt_for - worker_sam
	[0000][ M::mem_process_seqs] Processed 47422 reads in 3.512 CPU sec, 3.535 real sec
[0000] Calling mem_process_seqs.., task: 1
[0000] 1. Calling kt_for - worker_bwt
[0000] read_chunk: 10000000, work_chunk_size: 10000337, nseq: 47446
	[0000][ M::kt_pipeline] read 47446 sequences (10000337 bp)...
[0000] 2. Calling kt_for - worker_aln
[0000] Inferring insert size distribution of PE reads from data, l_pac: 29903, n: 47434
[0000][PE] # candidate unique pairs for (FF, FR, RF, RR): (0, 23710, 0, 0)
[0000][PE] skip orientation FF as there are not enough pairs
[0000][PE] analyzing insert size distribution for orientation FR...
[0000][PE] (25, 50, 75) percentile: (408, 408, 408)
[0000][PE] low and high boundaries for computing mean and std.dev: (408, 408)
[0000][PE] mean and std.dev: (408.00, 0.00)
[0000][PE] low and high boundaries for proper pairs: (408, 408)
[0000][PE] skip orientation RF as there are not enough pairs
[0000][PE] skip orientation RR as there are not enough pairs
[0000] 3. Calling kt_for - worker_sam
	[0000][ M::mem_process_seqs] Processed 47434 reads in 4.687 CPU sec, 6.081 real sec
[0000] Calling mem_process_seqs.., task: 2
[0000] 1. Calling kt_for - worker_bwt
[0000] read_chunk: 10000000, work_chunk_size: 10000212, nseq: 47616
	[0000][ M::kt_pipeline] read 47616 sequences (10000212 bp)...
[0000] 2. Calling kt_for - worker_aln
[0000] Inferring insert size distribution of PE reads from data, l_pac: 29903, n: 47446
[0000][PE] # candidate unique pairs for (FF, FR, RF, RR): (0, 23707, 0, 0)
[0000][PE] skip orientation FF as there are not enough pairs
[0000][PE] analyzing insert size distribution for orientation FR...
[0000][PE] (25, 50, 75) percentile: (395, 395, 395)
[0000][PE] low and high boundaries for computing mean and std.dev: (395, 395)
[0000][PE] mean and std.dev: (395.00, 0.00)
[0000][PE] low and high boundaries for proper pairs: (395, 395)
[0000][PE] skip orientation RF as there are not enough pairs
[0000][PE] skip orientation RR as there are not enough pairs
[0000] 3. Calling kt_for - worker_sam
	[0000][ M::mem_process_seqs] Processed 47446 reads in 4.382 CPU sec, 5.025 real sec
[0000] Calling mem_process_seqs.., task: 3
[0000] 1. Calling kt_for - worker_bwt
[0000] read_chunk: 10000000, work_chunk_size: 10000340, nseq: 47584
	[0000][ M::kt_pipeline] read 47584 sequences (10000340 bp)...
[0000] 2. Calling kt_for - worker_aln
[0000] Inferring insert size distribution of PE reads from data, l_pac: 29903, n: 47616
[0000][PE] # candidate unique pairs for (FF, FR, RF, RR): (0, 23805, 0, 0)
[0000][PE] skip orientation FF as there are not enough pairs
[0000][PE] analyzing insert size distribution for orientation FR...
[0000][PE] (25, 50, 75) percentile: (397, 397, 397)
[0000][PE] low and high boundaries for computing mean and std.dev: (397, 397)
[0000][PE] mean and std.dev: (397.00, 0.00)
[0000][PE] low and high boundaries for proper pairs: (397, 397)
[0000][PE] skip orientation RF as there are not enough pairs
[0000][PE] skip orientation RR as there are not enough pairs
[0000] 3. Calling kt_for - worker_sam
	[0000][ M::mem_process_seqs] Processed 47616 reads in 5.326 CPU sec, 5.742 real sec
[0000] Calling mem_process_seqs.., task: 4
[0000] 1. Calling kt_for - worker_bwt
[0000] read_chunk: 10000000, work_chunk_size: 10000306, nseq: 47498
	[0000][ M::kt_pipeline] read 47498 sequences (10000306 bp)...
[0000] 2. Calling kt_for - worker_aln
[0000] Inferring insert size distribution of PE reads from data, l_pac: 29903, n: 47584
[0000][PE] # candidate unique pairs for (FF, FR, RF, RR): (0, 23789, 0, 0)
[0000][PE] skip orientation FF as there are not enough pairs
[0000][PE] analyzing insert size distribution for orientation FR...
[0000][PE] (25, 50, 75) percentile: (386, 386, 386)
[0000][PE] low and high boundaries for computing mean and std.dev: (386, 386)
[0000][PE] mean and std.dev: (386.00, 0.00)
[0000][PE] low and high boundaries for proper pairs: (386, 386)
[0000][PE] skip orientation RF as there are not enough pairs
[0000][PE] skip orientation RR as there are not enough pairs
[0000] 3. Calling kt_for - worker_sam
	[0000][ M::mem_process_seqs] Processed 47584 reads in 4.601 CPU sec, 5.039 real sec
[0000] Calling mem_process_seqs.., task: 5
[0000] 1. Calling kt_for - worker_bwt
[0000] read_chunk: 10000000, work_chunk_size: 10000394, nseq: 47450
	[0000][ M::kt_pipeline] read 47450 sequences (10000394 bp)...
[0000] 2. Calling kt_for - worker_aln
[0000] Inferring insert size distribution of PE reads from data, l_pac: 29903, n: 47498
[0000][PE] # candidate unique pairs for (FF, FR, RF, RR): (0, 23745, 0, 0)
[0000][PE] skip orientation FF as there are not enough pairs
[0000][PE] analyzing insert size distribution for orientation FR...
[0000][PE] (25, 50, 75) percentile: (392, 392, 392)
[0000][PE] low and high boundaries for computing mean and std.dev: (392, 392)
[0000][PE] mean and std.dev: (392.00, 0.00)
[0000][PE] low and high boundaries for proper pairs: (392, 392)
[0000][PE] skip orientation RF as there are not enough pairs
[0000][PE] skip orientation RR as there are not enough pairs
[0000] 3. Calling kt_for - worker_sam
	[0000][ M::mem_process_seqs] Processed 47498 reads in 4.231 CPU sec, 5.474 real sec
[0000] Calling mem_process_seqs.., task: 6
[0000] 1. Calling kt_for - worker_bwt
[0000] read_chunk: 10000000, work_chunk_size: 10000288, nseq: 47442
	[0000][ M::kt_pipeline] read 47442 sequences (10000288 bp)...
[0000] 2. Calling kt_for - worker_aln
[0000] Inferring insert size distribution of PE reads from data, l_pac: 29903, n: 47450
[0000][PE] # candidate unique pairs for (FF, FR, RF, RR): (0, 23718, 0, 0)
[0000][PE] skip orientation FF as there are not enough pairs
[0000][PE] analyzing insert size distribution for orientation FR...
[0000][PE] (25, 50, 75) percentile: (381, 381, 381)
[0000][PE] low and high boundaries for computing mean and std.dev: (381, 381)
[0000][PE] mean and std.dev: (381.00, 0.00)
[0000][PE] low and high boundaries for proper pairs: (381, 381)
[0000][PE] skip orientation RF as there are not enough pairs
[0000][PE] skip orientation RR as there are not enough pairs
[0000] 3. Calling kt_for - worker_sam
	[0000][ M::mem_process_seqs] Processed 47450 reads in 3.741 CPU sec, 3.947 real sec
[0000] Calling mem_process_seqs.., task: 7
[0000] 1. Calling kt_for - worker_bwt
[0000] read_chunk: 10000000, work_chunk_size: 10000063, nseq: 47528
	[0000][ M::kt_pipeline] read 47528 sequences (10000063 bp)...
[0000] 2. Calling kt_for - worker_aln
[0000] Inferring insert size distribution of PE reads from data, l_pac: 29903, n: 47442
[0000][PE] # candidate unique pairs for (FF, FR, RF, RR): (0, 23706, 10, 0)
[0000][PE] skip orientation FF as there are not enough pairs
[0000][PE] analyzing insert size distribution for orientation FR...
[0000][PE] (25, 50, 75) percentile: (393, 393, 393)
[0000][PE] low and high boundaries for computing mean and std.dev: (393, 393)
[0000][PE] mean and std.dev: (393.00, 0.00)
[0000][PE] low and high boundaries for proper pairs: (393, 393)
[0000][PE] analyzing insert size distribution for orientation RF...
[0000][PE] (25, 50, 75) percentile: (225, 225, 225)
[0000][PE] low and high boundaries for computing mean and std.dev: (225, 225)
[0000][PE] mean and std.dev: (225.00, 0.00)
[0000][PE] low and high boundaries for proper pairs: (225, 225)
[0000][PE] skip orientation RR as there are not enough pairs
[0000][PE] skip orientation RF
[0000] 3. Calling kt_for - worker_sam
	[0000][ M::mem_process_seqs] Processed 47442 reads in 4.057 CPU sec, 4.020 real sec
[0000] Calling mem_process_seqs.., task: 8
[0000] 1. Calling kt_for - worker_bwt
[0000] read_chunk: 10000000, work_chunk_size: 10000010, nseq: 47636
	[0000][ M::kt_pipeline] read 47636 sequences (10000010 bp)...
[0000] 2. Calling kt_for - worker_aln
[0000] Inferring insert size distribution of PE reads from data, l_pac: 29903, n: 47528
[0000][PE] # candidate unique pairs for (FF, FR, RF, RR): (0, 23756, 0, 0)
[0000][PE] skip orientation FF as there are not enough pairs
[0000][PE] analyzing insert size distribution for orientation FR...
[0000][PE] (25, 50, 75) percentile: (379, 379, 379)
[0000][PE] low and high boundaries for computing mean and std.dev: (379, 379)
[0000][PE] mean and std.dev: (379.00, 0.00)
[0000][PE] low and high boundaries for proper pairs: (379, 379)
[0000][PE] skip orientation RF as there are not enough pairs
[0000][PE] skip orientation RR as there are not enough pairs
[0000] 3. Calling kt_for - worker_sam
	[0000][ M::mem_process_seqs] Processed 47528 reads in 3.910 CPU sec, 3.857 real sec
[0000] Calling mem_process_seqs.., task: 9
[0000] 1. Calling kt_for - worker_bwt
[0000] read_chunk: 10000000, work_chunk_size: 10000180, nseq: 47750
	[0000][ M::kt_pipeline] read 47750 sequences (10000180 bp)...
[0000] 2. Calling kt_for - worker_aln
[0000] Inferring insert size distribution of PE reads from data, l_pac: 29903, n: 47636
[0000][PE] # candidate unique pairs for (FF, FR, RF, RR): (0, 23815, 0, 0)
[0000][PE] skip orientation FF as there are not enough pairs
[0000][PE] analyzing insert size distribution for orientation FR...
[0000][PE] (25, 50, 75) percentile: (398, 398, 398)
[0000][PE] low and high boundaries for computing mean and std.dev: (398, 398)
[0000][PE] mean and std.dev: (398.00, 0.00)
[0000][PE] low and high boundaries for proper pairs: (398, 398)
[0000][PE] skip orientation RF as there are not enough pairs
[0000][PE] skip orientation RR as there are not enough pairs
[0000] 3. Calling kt_for - worker_sam
	[0000][ M::mem_process_seqs] Processed 47636 reads in 3.422 CPU sec, 3.469 real sec
[0000] Calling mem_process_seqs.., task: 10
[0000] 1. Calling kt_for - worker_bwt
[0000] read_chunk: 10000000, work_chunk_size: 10000055, nseq: 47598
	[0000][ M::kt_pipeline] read 47598 sequences (10000055 bp)...
[0000] 2. Calling kt_for - worker_aln
[0000] Inferring insert size distribution of PE reads from data, l_pac: 29903, n: 47750
[0000][PE] # candidate unique pairs for (FF, FR, RF, RR): (0, 23873, 0, 0)
[0000][PE] skip orientation FF as there are not enough pairs
[0000][PE] analyzing insert size distribution for orientation FR...
[0000][PE] (25, 50, 75) percentile: (388, 388, 388)
[0000][PE] low and high boundaries for computing mean and std.dev: (388, 388)
[0000][PE] mean and std.dev: (388.00, 0.00)
[0000][PE] low and high boundaries for proper pairs: (388, 388)
[0000][PE] skip orientation RF as there are not enough pairs
[0000][PE] skip orientation RR as there are not enough pairs
[0000] 3. Calling kt_for - worker_sam
	[0000][ M::mem_process_seqs] Processed 47750 reads in 2.706 CPU sec, 2.594 real sec
[0000] Calling mem_process_seqs.., task: 11
[0000] 1. Calling kt_for - worker_bwt
[0000] read_chunk: 10000000, work_chunk_size: 10000393, nseq: 47538
	[0000][ M::kt_pipeline] read 47538 sequences (10000393 bp)...
[0000] 2. Calling kt_for - worker_aln
[0000] Inferring insert size distribution of PE reads from data, l_pac: 29903, n: 47598
[0000][PE] # candidate unique pairs for (FF, FR, RF, RR): (0, 23791, 1, 0)
[0000][PE] skip orientation FF as there are not enough pairs
[0000][PE] analyzing insert size distribution for orientation FR...
[0000][PE] (25, 50, 75) percentile: (392, 397, 397)
[0000][PE] low and high boundaries for computing mean and std.dev: (382, 407)
[0000][PE] mean and std.dev: (394.94, 3.30)
[0000][PE] low and high boundaries for proper pairs: (377, 412)
[0000][PE] skip orientation RF as there are not enough pairs
[0000][PE] skip orientation RR as there are not enough pairs
[0000] 3. Calling kt_for - worker_sam
	[0000][ M::mem_process_seqs] Processed 47598 reads in 2.266 CPU sec, 2.213 real sec
[0000] Calling mem_process_seqs.., task: 12
[0000] 1. Calling kt_for - worker_bwt
[0000] read_chunk: 10000000, work_chunk_size: 10000026, nseq: 47454
	[0000][ M::kt_pipeline] read 47454 sequences (10000026 bp)...
[0000] 2. Calling kt_for - worker_aln
[0000] Inferring insert size distribution of PE reads from data, l_pac: 29903, n: 47538
[0000][PE] # candidate unique pairs for (FF, FR, RF, RR): (0, 23760, 0, 0)
[0000][PE] skip orientation FF as there are not enough pairs
[0000][PE] analyzing insert size distribution for orientation FR...
[0000][PE] (25, 50, 75) percentile: (382, 387, 387)
[0000][PE] low and high boundaries for computing mean and std.dev: (372, 397)
[0000][PE] mean and std.dev: (384.33, 3.39)
[0000][PE] low and high boundaries for proper pairs: (367, 402)
[0000][PE] skip orientation RF as there are not enough pairs
[0000][PE] skip orientation RR as there are not enough pairs
[0000] 3. Calling kt_for - worker_sam
	[0000][ M::mem_process_seqs] Processed 47538 reads in 2.612 CPU sec, 2.492 real sec
[0000] Calling mem_process_seqs.., task: 13
[0000] 1. Calling kt_for - worker_bwt
[0000] read_chunk: 10000000, work_chunk_size: 10000284, nseq: 47426
	[0000][ M::kt_pipeline] read 47426 sequences (10000284 bp)...
[0000] 2. Calling kt_for - worker_aln
[0000] Inferring insert size distribution of PE reads from data, l_pac: 29903, n: 47454
[0000][PE] # candidate unique pairs for (FF, FR, RF, RR): (0, 23721, 1, 0)
[0000][PE] skip orientation FF as there are not enough pairs
[0000][PE] analyzing insert size distribution for orientation FR...
[0000][PE] (25, 50, 75) percentile: (386, 400, 400)
[0000][PE] low and high boundaries for computing mean and std.dev: (358, 428)
[0000][PE] mean and std.dev: (393.17, 7.97)
[0000][PE] low and high boundaries for proper pairs: (344, 442)
[0000][PE] skip orientation RF as there are not enough pairs
[0000][PE] skip orientation RR as there are not enough pairs
[0000] 3. Calling kt_for - worker_sam
	[0000][ M::mem_process_seqs] Processed 47454 reads in 2.569 CPU sec, 2.444 real sec
[0000] Calling mem_process_seqs.., task: 14
[0000] 1. Calling kt_for - worker_bwt
[0000] read_chunk: 10000000, work_chunk_size: 10000182, nseq: 47444
	[0000][ M::kt_pipeline] read 47444 sequences (10000182 bp)...
[0000] 2. Calling kt_for - worker_aln
[0000] Inferring insert size distribution of PE reads from data, l_pac: 29903, n: 47426
[0000][PE] # candidate unique pairs for (FF, FR, RF, RR): (0, 23708, 0, 0)
[0000][PE] skip orientation FF as there are not enough pairs
[0000][PE] analyzing insert size distribution for orientation FR...
[0000][PE] (25, 50, 75) percentile: (394, 394, 394)
[0000][PE] low and high boundaries for computing mean and std.dev: (394, 394)
[0000][PE] mean and std.dev: (394.00, 0.00)
[0000][PE] low and high boundaries for proper pairs: (394, 394)
[0000][PE] skip orientation RF as there are not enough pairs
[0000][PE] skip orientation RR as there are not enough pairs
[0000] 3. Calling kt_for - worker_sam
	[0000][ M::mem_process_seqs] Processed 47426 reads in 6.381 CPU sec, 6.274 real sec
[0000] Calling mem_process_seqs.., task: 15
[0000] 1. Calling kt_for - worker_bwt
[0000] read_chunk: 10000000, work_chunk_size: 10000378, nseq: 47412
	[0000][ M::kt_pipeline] read 47412 sequences (10000378 bp)...
[0000] 2. Calling kt_for - worker_aln
[0000] Inferring insert size distribution of PE reads from data, l_pac: 29903, n: 47444
[0000][PE] # candidate unique pairs for (FF, FR, RF, RR): (0, 23715, 0, 0)
[0000][PE] skip orientation FF as there are not enough pairs
[0000][PE] analyzing insert size distribution for orientation FR...
[0000][PE] (25, 50, 75) percentile: (393, 393, 393)
[0000][PE] low and high boundaries for computing mean and std.dev: (393, 393)
[0000][PE] mean and std.dev: (393.00, 0.00)
[0000][PE] low and high boundaries for proper pairs: (393, 393)
[0000][PE] skip orientation RF as there are not enough pairs
[0000][PE] skip orientation RR as there are not enough pairs
[0000] 3. Calling kt_for - worker_sam
	[0000][ M::mem_process_seqs] Processed 47444 reads in 2.378 CPU sec, 2.282 real sec
[0000] Calling mem_process_seqs.., task: 16
[0000] 1. Calling kt_for - worker_bwt
[0000] read_chunk: 10000000, work_chunk_size: 10000138, nseq: 47410
	[0000][ M::kt_pipeline] read 47410 sequences (10000138 bp)...
[0000] 2. Calling kt_for - worker_aln
[0000] Inferring insert size distribution of PE reads from data, l_pac: 29903, n: 47412
[0000][PE] # candidate unique pairs for (FF, FR, RF, RR): (0, 23704, 0, 0)
[0000][PE] skip orientation FF as there are not enough pairs
[0000][PE] analyzing insert size distribution for orientation FR...
[0000][PE] (25, 50, 75) percentile: (379, 384, 385)
[0000][PE] low and high boundaries for computing mean and std.dev: (367, 397)
[0000][PE] mean and std.dev: (382.51, 2.96)
[0000][PE] low and high boundaries for proper pairs: (361, 403)
[0000][PE] skip orientation RF as there are not enough pairs
[0000][PE] skip orientation RR as there are not enough pairs
[0000] 3. Calling kt_for - worker_sam
	[0000][ M::mem_process_seqs] Processed 47412 reads in 1.646 CPU sec, 1.572 real sec
[0000] Calling mem_process_seqs.., task: 17
[0000] 1. Calling kt_for - worker_bwt
[0000] read_chunk: 10000000, work_chunk_size: 10000108, nseq: 47610
	[0000][ M::kt_pipeline] read 47610 sequences (10000108 bp)...
[0000] 2. Calling kt_for - worker_aln
[0000] Inferring insert size distribution of PE reads from data, l_pac: 29903, n: 47410
[0000][PE] # candidate unique pairs for (FF, FR, RF, RR): (0, 23699, 0, 0)
[0000][PE] skip orientation FF as there are not enough pairs
[0000][PE] analyzing insert size distribution for orientation FR...
[0000][PE] (25, 50, 75) percentile: (380, 381, 381)
[0000][PE] low and high boundaries for computing mean and std.dev: (378, 383)
[0000][PE] mean and std.dev: (380.68, 0.48)
[0000][PE] low and high boundaries for proper pairs: (377, 384)
[0000][PE] skip orientation RF as there are not enough pairs
[0000][PE] skip orientation RR as there are not enough pairs
[0000] 3. Calling kt_for - worker_sam
	[0000][ M::mem_process_seqs] Processed 47410 reads in 1.699 CPU sec, 1.630 real sec
[0000] Calling mem_process_seqs.., task: 18
[0000] 1. Calling kt_for - worker_bwt
[0000] read_chunk: 10000000, work_chunk_size: 10000359, nseq: 47476
	[0000][ M::kt_pipeline] read 47476 sequences (10000359 bp)...
[0000] 2. Calling kt_for - worker_aln
[0000] Inferring insert size distribution of PE reads from data, l_pac: 29903, n: 47610
[0000][PE] # candidate unique pairs for (FF, FR, RF, RR): (0, 23801, 0, 0)
[0000][PE] skip orientation FF as there are not enough pairs
[0000][PE] analyzing insert size distribution for orientation FR...
[0000][PE] (25, 50, 75) percentile: (380, 380, 380)
[0000][PE] low and high boundaries for computing mean and std.dev: (380, 380)
[0000][PE] mean and std.dev: (380.00, 0.00)
[0000][PE] low and high boundaries for proper pairs: (380, 380)
[0000][PE] skip orientation RF as there are not enough pairs
[0000][PE] skip orientation RR as there are not enough pairs
[0000] 3. Calling kt_for - worker_sam
	[0000][ M::mem_process_seqs] Processed 47610 reads in 2.295 CPU sec, 2.226 real sec
[0000] Calling mem_process_seqs.., task: 19
[0000] 1. Calling kt_for - worker_bwt
[0000] read_chunk: 10000000, work_chunk_size: 10000365, nseq: 47524
	[0000][ M::kt_pipeline] read 47524 sequences (10000365 bp)...
[0000] 2. Calling kt_for - worker_aln
[0000] Inferring insert size distribution of PE reads from data, l_pac: 29903, n: 47476
[0000][PE] # candidate unique pairs for (FF, FR, RF, RR): (0, 23735, 0, 0)
[0000][PE] skip orientation FF as there are not enough pairs
[0000][PE] analyzing insert size distribution for orientation FR...
[0000][PE] (25, 50, 75) percentile: (388, 388, 388)
[0000][PE] low and high boundaries for computing mean and std.dev: (388, 388)
[0000][PE] mean and std.dev: (388.00, 0.00)
[0000][PE] low and high boundaries for proper pairs: (388, 388)
[0000][PE] skip orientation RF as there are not enough pairs
[0000][PE] skip orientation RR as there are not enough pairs
[0000] 3. Calling kt_for - worker_sam
	[0000][ M::mem_process_seqs] Processed 47476 reads in 2.719 CPU sec, 2.658 real sec
[0000] Calling mem_process_seqs.., task: 20
[0000] 1. Calling kt_for - worker_bwt
[0000] read_chunk: 10000000, work_chunk_size: 10000418, nseq: 47512
	[0000][ M::kt_pipeline] read 47512 sequences (10000418 bp)...
[0000] 2. Calling kt_for - worker_aln
[0000] Inferring insert size distribution of PE reads from data, l_pac: 29903, n: 47524
[0000][PE] # candidate unique pairs for (FF, FR, RF, RR): (0, 23761, 0, 0)
[0000][PE] skip orientation FF as there are not enough pairs
[0000][PE] analyzing insert size distribution for orientation FR...
[0000][PE] (25, 50, 75) percentile: (381, 416, 416)
[0000][PE] low and high boundaries for computing mean and std.dev: (311, 486)
[0000][PE] mean and std.dev: (403.36, 16.74)
[0000][PE] low and high boundaries for proper pairs: (276, 521)
[0000][PE] skip orientation RF as there are not enough pairs
[0000][PE] skip orientation RR as there are not enough pairs
[0000] 3. Calling kt_for - worker_sam
	[0000][ M::mem_process_seqs] Processed 47524 reads in 1.820 CPU sec, 1.724 real sec
[0000] Calling mem_process_seqs.., task: 21
[0000] 1. Calling kt_for - worker_bwt
[0000] read_chunk: 10000000, work_chunk_size: 10000318, nseq: 47574
	[0000][ M::kt_pipeline] read 47574 sequences (10000318 bp)...
[0000] 2. Calling kt_for - worker_aln
[0000] Inferring insert size distribution of PE reads from data, l_pac: 29903, n: 47512
[0000][PE] # candidate unique pairs for (FF, FR, RF, RR): (0, 23751, 0, 0)
[0000][PE] skip orientation FF as there are not enough pairs
[0000][PE] analyzing insert size distribution for orientation FR...
[0000][PE] (25, 50, 75) percentile: (386, 386, 403)
[0000][PE] low and high boundaries for computing mean and std.dev: (352, 437)
[0000][PE] mean and std.dev: (393.70, 12.30)
[0000][PE] low and high boundaries for proper pairs: (335, 454)
[0000][PE] skip orientation RF as there are not enough pairs
[0000][PE] skip orientation RR as there are not enough pairs
[0000] 3. Calling kt_for - worker_sam
	[0000][ M::mem_process_seqs] Processed 47512 reads in 1.736 CPU sec, 1.662 real sec
[0000] Calling mem_process_seqs.., task: 22
[0000] 1. Calling kt_for - worker_bwt
[0000] read_chunk: 10000000, work_chunk_size: 10000223, nseq: 47522
	[0000][ M::kt_pipeline] read 47522 sequences (10000223 bp)...
[0000] 2. Calling kt_for - worker_aln
[0000] Inferring insert size distribution of PE reads from data, l_pac: 29903, n: 47574
[0000][PE] # candidate unique pairs for (FF, FR, RF, RR): (0, 23780, 1, 0)
[0000][PE] skip orientation FF as there are not enough pairs
[0000][PE] analyzing insert size distribution for orientation FR...
[0000][PE] (25, 50, 75) percentile: (381, 387, 387)
[0000][PE] low and high boundaries for computing mean and std.dev: (369, 399)
[0000][PE] mean and std.dev: (384.67, 3.23)
[0000][PE] low and high boundaries for proper pairs: (363, 405)
[0000][PE] skip orientation RF as there are not enough pairs
[0000][PE] skip orientation RR as there are not enough pairs
[0000] 3. Calling kt_for - worker_sam
	[0000][ M::mem_process_seqs] Processed 47574 reads in 1.927 CPU sec, 1.854 real sec
[0000] Calling mem_process_seqs.., task: 23
[0000] 1. Calling kt_for - worker_bwt
[0000] read_chunk: 10000000, work_chunk_size: 10000365, nseq: 47570
	[0000][ M::kt_pipeline] read 47570 sequences (10000365 bp)...
[0000] 2. Calling kt_for - worker_aln
[0000] Inferring insert size distribution of PE reads from data, l_pac: 29903, n: 47522
[0000][PE] # candidate unique pairs for (FF, FR, RF, RR): (0, 23761, 0, 0)
[0000][PE] skip orientation FF as there are not enough pairs
[0000][PE] analyzing insert size distribution for orientation FR...
[0000][PE] (25, 50, 75) percentile: (418, 418, 418)
[0000][PE] low and high boundaries for computing mean and std.dev: (418, 418)
[0000][PE] mean and std.dev: (418.00, 0.00)
[0000][PE] low and high boundaries for proper pairs: (418, 418)
[0000][PE] skip orientation RF as there are not enough pairs
[0000][PE] skip orientation RR as there are not enough pairs
[0000] 3. Calling kt_for - worker_sam
	[0000][ M::mem_process_seqs] Processed 47522 reads in 1.865 CPU sec, 1.792 real sec
[0000] Calling mem_process_seqs.., task: 24
[0000] 1. Calling kt_for - worker_bwt
[0000] read_chunk: 10000000, work_chunk_size: 10000285, nseq: 47622
	[0000][ M::kt_pipeline] read 47622 sequences (10000285 bp)...
[0000] 2. Calling kt_for - worker_aln
[0000] Inferring insert size distribution of PE reads from data, l_pac: 29903, n: 47570
[0000][PE] # candidate unique pairs for (FF, FR, RF, RR): (0, 23778, 0, 0)
[0000][PE] skip orientation FF as there are not enough pairs
[0000][PE] analyzing insert size distribution for orientation FR...
[0000][PE] (25, 50, 75) percentile: (399, 400, 400)
[0000][PE] low and high boundaries for computing mean and std.dev: (397, 402)
[0000][PE] mean and std.dev: (399.99, 0.16)
[0000][PE] low and high boundaries for proper pairs: (396, 403)
[0000][PE] skip orientation RF as there are not enough pairs
[0000][PE] skip orientation RR as there are not enough pairs
[0000] 3. Calling kt_for - worker_sam
	[0000][ M::mem_process_seqs] Processed 47570 reads in 2.477 CPU sec, 2.398 real sec
[0000] Calling mem_process_seqs.., task: 25
[0000] 1. Calling kt_for - worker_bwt
[0000] read_chunk: 10000000, work_chunk_size: 10000284, nseq: 47528
	[0000][ M::kt_pipeline] read 47528 sequences (10000284 bp)...
[0000] 2. Calling kt_for - worker_aln
[0000] Inferring insert size distribution of PE reads from data, l_pac: 29903, n: 47622
[0000][PE] # candidate unique pairs for (FF, FR, RF, RR): (0, 23806, 1, 0)
[0000][PE] skip orientation FF as there are not enough pairs
[0000][PE] analyzing insert size distribution for orientation FR...
[0000][PE] (25, 50, 75) percentile: (390, 400, 400)
[0000][PE] low and high boundaries for computing mean and std.dev: (370, 420)
[0000][PE] mean and std.dev: (397.56, 7.82)
[0000][PE] low and high boundaries for proper pairs: (360, 430)
[0000][PE] skip orientation RF as there are not enough pairs
[0000][PE] skip orientation RR as there are not enough pairs
[0000] 3. Calling kt_for - worker_sam
	[0000][ M::mem_process_seqs] Processed 47622 reads in 1.639 CPU sec, 1.568 real sec
[0000] Calling mem_process_seqs.., task: 26
[0000] 1. Calling kt_for - worker_bwt
[0000] read_chunk: 10000000, work_chunk_size: 10000268, nseq: 47788
	[0000][ M::kt_pipeline] read 47788 sequences (10000268 bp)...
[0000] 2. Calling kt_for - worker_aln
[0000] Inferring insert size distribution of PE reads from data, l_pac: 29903, n: 47528
[0000][PE] # candidate unique pairs for (FF, FR, RF, RR): (0, 23759, 0, 0)
[0000][PE] skip orientation FF as there are not enough pairs
[0000][PE] analyzing insert size distribution for orientation FR...
[0000][PE] (25, 50, 75) percentile: (390, 399, 399)
[0000][PE] low and high boundaries for computing mean and std.dev: (372, 417)
[0000][PE] mean and std.dev: (397.34, 6.00)
[0000][PE] low and high boundaries for proper pairs: (363, 426)
[0000][PE] skip orientation RF as there are not enough pairs
[0000][PE] skip orientation RR as there are not enough pairs
[0000] 3. Calling kt_for - worker_sam
	[0000][ M::mem_process_seqs] Processed 47528 reads in 1.750 CPU sec, 1.653 real sec
[0000] Calling mem_process_seqs.., task: 27
[0000] 1. Calling kt_for - worker_bwt
[0000] read_chunk: 10000000, work_chunk_size: 10000000, nseq: 47476
	[0000][ M::kt_pipeline] read 47476 sequences (10000000 bp)...
[0000] 2. Calling kt_for - worker_aln
[0000] Inferring insert size distribution of PE reads from data, l_pac: 29903, n: 47788
[0000][PE] # candidate unique pairs for (FF, FR, RF, RR): (0, 23884, 0, 0)
[0000][PE] skip orientation FF as there are not enough pairs
[0000][PE] analyzing insert size distribution for orientation FR...
[0000][PE] (25, 50, 75) percentile: (382, 382, 399)
[0000][PE] low and high boundaries for computing mean and std.dev: (348, 433)
[0000][PE] mean and std.dev: (391.28, 15.14)
[0000][PE] low and high boundaries for proper pairs: (331, 452)
[0000][PE] skip orientation RF as there are not enough pairs
[0000][PE] skip orientation RR as there are not enough pairs
[0000] 3. Calling kt_for - worker_sam
	[0000][ M::mem_process_seqs] Processed 47788 reads in 1.798 CPU sec, 1.723 real sec
[0000] Calling mem_process_seqs.., task: 28
[0000] 1. Calling kt_for - worker_bwt
[0000] read_chunk: 10000000, work_chunk_size: 10000334, nseq: 47432
	[0000][ M::kt_pipeline] read 47432 sequences (10000334 bp)...
[0000] 2. Calling kt_for - worker_aln
[0000] Inferring insert size distribution of PE reads from data, l_pac: 29903, n: 47476
[0000][PE] # candidate unique pairs for (FF, FR, RF, RR): (0, 23732, 0, 0)
[0000][PE] skip orientation FF as there are not enough pairs
[0000][PE] analyzing insert size distribution for orientation FR...
[0000][PE] (25, 50, 75) percentile: (379, 384, 384)
[0000][PE] low and high boundaries for computing mean and std.dev: (369, 394)
[0000][PE] mean and std.dev: (382.80, 2.78)
[0000][PE] low and high boundaries for proper pairs: (364, 399)
[0000][PE] skip orientation RF as there are not enough pairs
[0000][PE] skip orientation RR as there are not enough pairs
[0000] 3. Calling kt_for - worker_sam
	[0000][ M::mem_process_seqs] Processed 47476 reads in 3.408 CPU sec, 3.339 real sec
[0000] Calling mem_process_seqs.., task: 29
[0000] 1. Calling kt_for - worker_bwt
[0000] read_chunk: 10000000, work_chunk_size: 10000229, nseq: 47500
	[0000][ M::kt_pipeline] read 47500 sequences (10000229 bp)...
[0000] 2. Calling kt_for - worker_aln
[0000] Inferring insert size distribution of PE reads from data, l_pac: 29903, n: 47432
[0000][PE] # candidate unique pairs for (FF, FR, RF, RR): (0, 23714, 0, 0)
[0000][PE] skip orientation FF as there are not enough pairs
[0000][PE] analyzing insert size distribution for orientation FR...
[0000][PE] (25, 50, 75) percentile: (386, 386, 386)
[0000][PE] low and high boundaries for computing mean and std.dev: (386, 386)
[0000][PE] mean and std.dev: (386.00, 0.00)
[0000][PE] low and high boundaries for proper pairs: (386, 386)
[0000][PE] skip orientation RF as there are not enough pairs
[0000][PE] skip orientation RR as there are not enough pairs
[0000] 3. Calling kt_for - worker_sam
	[0000][ M::mem_process_seqs] Processed 47432 reads in 2.560 CPU sec, 2.480 real sec
[0000] Calling mem_process_seqs.., task: 30
[0000] 1. Calling kt_for - worker_bwt
[0000] read_chunk: 10000000, work_chunk_size: 10000289, nseq: 47582
	[0000][ M::kt_pipeline] read 47582 sequences (10000289 bp)...
[0000] 2. Calling kt_for - worker_aln
[0000] Inferring insert size distribution of PE reads from data, l_pac: 29903, n: 47500
[0000][PE] # candidate unique pairs for (FF, FR, RF, RR): (0, 23750, 0, 0)
[0000][PE] skip orientation FF as there are not enough pairs
[0000][PE] analyzing insert size distribution for orientation FR...
[0000][PE] (25, 50, 75) percentile: (399, 399, 399)
[0000][PE] low and high boundaries for computing mean and std.dev: (399, 399)
[0000][PE] mean and std.dev: (399.00, 0.00)
[0000][PE] low and high boundaries for proper pairs: (399, 399)
[0000][PE] skip orientation RF as there are not enough pairs
[0000][PE] skip orientation RR as there are not enough pairs
[0000] 3. Calling kt_for - worker_sam
	[0000][ M::mem_process_seqs] Processed 47500 reads in 3.371 CPU sec, 3.303 real sec
[0000] Calling mem_process_seqs.., task: 31
[0000] 1. Calling kt_for - worker_bwt
[0000] read_chunk: 10000000, work_chunk_size: 10000319, nseq: 47714
	[0000][ M::kt_pipeline] read 47714 sequences (10000319 bp)...
[0000] 2. Calling kt_for - worker_aln
[0000] Inferring insert size distribution of PE reads from data, l_pac: 29903, n: 47582
[0000][PE] # candidate unique pairs for (FF, FR, RF, RR): (0, 23769, 17, 0)
[0000][PE] skip orientation FF as there are not enough pairs
[0000][PE] analyzing insert size distribution for orientation FR...
[0000][PE] (25, 50, 75) percentile: (379, 388, 399)
[0000][PE] low and high boundaries for computing mean and std.dev: (339, 439)
[0000][PE] mean and std.dev: (388.68, 9.68)
[0000][PE] low and high boundaries for proper pairs: (319, 459)
[0000][PE] analyzing insert size distribution for orientation RF...
[0000][PE] (25, 50, 75) percentile: (268, 268, 268)
[0000][PE] low and high boundaries for computing mean and std.dev: (268, 268)
[0000][PE] mean and std.dev: (268.00, 0.00)
[0000][PE] low and high boundaries for proper pairs: (268, 268)
[0000][PE] skip orientation RR as there are not enough pairs
[0000][PE] skip orientation RF
[0000] 3. Calling kt_for - worker_sam
	[0000][ M::mem_process_seqs] Processed 47582 reads in 2.196 CPU sec, 2.123 real sec
[0000] Calling mem_process_seqs.., task: 32
[0000] 1. Calling kt_for - worker_bwt
[0000] read_chunk: 10000000, work_chunk_size: 10000086, nseq: 47550
	[0000][ M::kt_pipeline] read 47550 sequences (10000086 bp)...
[0000] 2. Calling kt_for - worker_aln
[0000] Inferring insert size distribution of PE reads from data, l_pac: 29903, n: 47714
[0000][PE] # candidate unique pairs for (FF, FR, RF, RR): (0, 23852, 0, 0)
[0000][PE] skip orientation FF as there are not enough pairs
[0000][PE] analyzing insert size distribution for orientation FR...
[0000][PE] (25, 50, 75) percentile: (390, 390, 397)
[0000][PE] low and high boundaries for computing mean and std.dev: (376, 411)
[0000][PE] mean and std.dev: (391.49, 6.62)
[0000][PE] low and high boundaries for proper pairs: (365, 418)
[0000][PE] skip orientation RF as there are not enough pairs
[0000][PE] skip orientation RR as there are not enough pairs
[0000] 3. Calling kt_for - worker_sam
	[0000][ M::mem_process_seqs] Processed 47714 reads in 2.095 CPU sec, 2.025 real sec
[0000] Calling mem_process_seqs.., task: 33
[0000] 1. Calling kt_for - worker_bwt
[0000] read_chunk: 10000000, work_chunk_size: 10000333, nseq: 47578
	[0000][ M::kt_pipeline] read 47578 sequences (10000333 bp)...
[0000] 2. Calling kt_for - worker_aln
[0000] Inferring insert size distribution of PE reads from data, l_pac: 29903, n: 47550
[0000][PE] # candidate unique pairs for (FF, FR, RF, RR): (0, 23765, 2, 0)
[0000][PE] skip orientation FF as there are not enough pairs
[0000][PE] analyzing insert size distribution for orientation FR...
[0000][PE] (25, 50, 75) percentile: (392, 392, 393)
[0000][PE] low and high boundaries for computing mean and std.dev: (390, 395)
[0000][PE] mean and std.dev: (391.92, 1.06)
[0000][PE] low and high boundaries for proper pairs: (388, 396)
[0000][PE] skip orientation RF as there are not enough pairs
[0000][PE] skip orientation RR as there are not enough pairs
[0000] 3. Calling kt_for - worker_sam
	[0000][ M::mem_process_seqs] Processed 47550 reads in 2.406 CPU sec, 2.305 real sec
[0000] Calling mem_process_seqs.., task: 34
[0000] 1. Calling kt_for - worker_bwt
[0000] read_chunk: 10000000, work_chunk_size: 10000305, nseq: 47500
	[0000][ M::kt_pipeline] read 47500 sequences (10000305 bp)...
[0000] 2. Calling kt_for - worker_aln
[0000] Inferring insert size distribution of PE reads from data, l_pac: 29903, n: 47578
[0000][PE] # candidate unique pairs for (FF, FR, RF, RR): (0, 23778, 4, 0)
[0000][PE] skip orientation FF as there are not enough pairs
[0000][PE] analyzing insert size distribution for orientation FR...
[0000][PE] (25, 50, 75) percentile: (376, 376, 392)
[0000][PE] low and high boundaries for computing mean and std.dev: (344, 424)
[0000][PE] mean and std.dev: (381.51, 7.60)
[0000][PE] low and high boundaries for proper pairs: (328, 440)
[0000][PE] skip orientation RF as there are not enough pairs
[0000][PE] skip orientation RR as there are not enough pairs
[0000] 3. Calling kt_for - worker_sam
	[0000][ M::mem_process_seqs] Processed 47578 reads in 1.969 CPU sec, 1.907 real sec
[0000] Calling mem_process_seqs.., task: 35
[0000] 1. Calling kt_for - worker_bwt
[0000] read_chunk: 10000000, work_chunk_size: 10000149, nseq: 47486
	[0000][ M::kt_pipeline] read 47486 sequences (10000149 bp)...
[0000] 2. Calling kt_for - worker_aln
[0000] Inferring insert size distribution of PE reads from data, l_pac: 29903, n: 47500
[0000][PE] # candidate unique pairs for (FF, FR, RF, RR): (0, 23728, 18, 0)
[0000][PE] skip orientation FF as there are not enough pairs
[0000][PE] analyzing insert size distribution for orientation FR...
[0000][PE] (25, 50, 75) percentile: (391, 407, 407)
[0000][PE] low and high boundaries for computing mean and std.dev: (359, 439)
[0000][PE] mean and std.dev: (399.60, 10.63)
[0000][PE] low and high boundaries for proper pairs: (343, 455)
[0000][PE] analyzing insert size distribution for orientation RF...
[0000][PE] (25, 50, 75) percentile: (2078, 2078, 2078)
[0000][PE] low and high boundaries for computing mean and std.dev: (2078, 2078)
[0000][PE] mean and std.dev: (2078.00, 0.00)
[0000][PE] low and high boundaries for proper pairs: (2078, 2078)
[0000][PE] skip orientation RR as there are not enough pairs
[0000][PE] skip orientation RF
[0000] 3. Calling kt_for - worker_sam
	[0000][ M::mem_process_seqs] Processed 47500 reads in 2.109 CPU sec, 2.036 real sec
[0000] Calling mem_process_seqs.., task: 36
[0000] 1. Calling kt_for - worker_bwt
[0000] read_chunk: 10000000, work_chunk_size: 10000080, nseq: 47516
	[0000][ M::kt_pipeline] read 47516 sequences (10000080 bp)...
[0000] 2. Calling kt_for - worker_aln
[0000] Inferring insert size distribution of PE reads from data, l_pac: 29903, n: 47486
[0000][PE] # candidate unique pairs for (FF, FR, RF, RR): (0, 23736, 0, 0)
[0000][PE] skip orientation FF as there are not enough pairs
[0000][PE] analyzing insert size distribution for orientation FR...
[0000][PE] (25, 50, 75) percentile: (382, 382, 407)
[0000][PE] low and high boundaries for computing mean and std.dev: (332, 457)
[0000][PE] mean and std.dev: (391.31, 11.76)
[0000][PE] low and high boundaries for proper pairs: (307, 482)
[0000][PE] skip orientation RF as there are not enough pairs
[0000][PE] skip orientation RR as there are not enough pairs
[0000] 3. Calling kt_for - worker_sam
	[0000][ M::mem_process_seqs] Processed 47486 reads in 3.637 CPU sec, 3.567 real sec
[0000] Calling mem_process_seqs.., task: 37
[0000] 1. Calling kt_for - worker_bwt
[W::bseq_read_orig] the 2nd file has fewer sequences.
[0000] read_chunk: 10000000, work_chunk_size: 4020074, nseq: 19106
	[0000][ M::kt_pipeline] read 19106 sequences (4020074 bp)...
[0000] 2. Calling kt_for - worker_aln
[0000] Inferring insert size distribution of PE reads from data, l_pac: 29903, n: 47516
[0000][PE] # candidate unique pairs for (FF, FR, RF, RR): (0, 23687, 61, 0)
[0000][PE] skip orientation FF as there are not enough pairs
[0000][PE] analyzing insert size distribution for orientation FR...
[0000][PE] (25, 50, 75) percentile: (382, 384, 392)
[0000][PE] low and high boundaries for computing mean and std.dev: (362, 412)
[0000][PE] mean and std.dev: (385.40, 4.11)
[0000][PE] low and high boundaries for proper pairs: (352, 422)
[0000][PE] analyzing insert size distribution for orientation RF...
[0000][PE] (25, 50, 75) percentile: (214, 214, 214)
[0000][PE] low and high boundaries for computing mean and std.dev: (214, 214)
[0000][PE] mean and std.dev: (214.00, 0.00)
[0000][PE] low and high boundaries for proper pairs: (214, 214)
[0000][PE] skip orientation RR as there are not enough pairs
[0000][PE] skip orientation RF
[0000] 3. Calling kt_for - worker_sam
	[0000][ M::mem_process_seqs] Processed 47516 reads in 3.239 CPU sec, 3.191 real sec
[0000] Calling mem_process_seqs.., task: 38
[0000] 1. Calling kt_for - worker_bwt
[W::bseq_read_orig] the 2nd file has fewer sequences.
[0000] read_chunk: 10000000, work_chunk_size: 0, nseq: 0
[0000] 2. Calling kt_for - worker_aln
[0000] Inferring insert size distribution of PE reads from data, l_pac: 29903, n: 19106
[0000][PE] # candidate unique pairs for (FF, FR, RF, RR): (1, 9490, 8, 0)
[0000][PE] skip orientation FF as there are not enough pairs
[0000][PE] analyzing insert size distribution for orientation FR...
[0000][PE] (25, 50, 75) percentile: (392, 404, 404)
[0000][PE] low and high boundaries for computing mean and std.dev: (368, 428)
[0000][PE] mean and std.dev: (397.51, 10.48)
[0000][PE] low and high boundaries for proper pairs: (356, 440)
[0000][PE] skip orientation RF as there are not enough pairs
[0000][PE] skip orientation RR as there are not enough pairs
[0000] 3. Calling kt_for - worker_sam
[mem_sam_pe] paired reads have different names: "ERR5181310.912572", "ERR5181310.912591"

[bam_sort_core] merging from 0 files and 20 in-memory blocks...
