Looking to launch executable "/home/eaderogba279/anaconda3/bin/bwa-mem2.avx2", simd = .avx2
Launching executable "/home/eaderogba279/anaconda3/bin/bwa-mem2.avx2"
-----------------------------
Executing in AVX2 mode!!
-----------------------------
* SA compression enabled with xfactor: 8
* Ref file: /home/eaderogba279/Bionformatics_Projects/VariantCall_Nextflow/reference/MN908947.fasta
* Entering FMI_search
* Index file found. Loading index from /home/eaderogba279/Bionformatics_Projects/VariantCall_Nextflow/reference/MN908947.fasta.bwt.2bit.64
* Reference seq len for bi-index = 59807
* sentinel-index: 17048
* Count:
0,	1
1,	18549
2,	29904
3,	41259
4,	59807

* Reading other elements of the index from files /home/eaderogba279/Bionformatics_Projects/VariantCall_Nextflow/reference/MN908947.fasta
* Index prefix: /home/eaderogba279/Bionformatics_Projects/VariantCall_Nextflow/reference/MN908947.fasta
* Read 0 ALT contigs
* Done reading Index!!
* Reading reference genome..
* Binary seq file = /home/eaderogba279/Bionformatics_Projects/VariantCall_Nextflow/reference/MN908947.fasta.0123
* Reference genome size: 59806 bp
* Done reading reference genome !!

------------------------------------------
1. Memory pre-allocation for Chaining: 139.3584 MB
2. Memory pre-allocation for BSW: 239.6170 MB
3. Memory pre-allocation for BWT: 77.3142 MB
------------------------------------------
* Threads used (compute): 1
* No. of pipeline threads: 2

[0000] read_chunk: 10000000, work_chunk_size: 10000386, nseq: 41740
	[0000][ M::kt_pipeline] read 41740 sequences (10000386 bp)...
[0000] Calling mem_process_seqs.., task: 0
[0000] 1. Calling kt_for - worker_bwt
[0000] read_chunk: 10000000, work_chunk_size: 10000389, nseq: 41772
	[0000][ M::kt_pipeline] read 41772 sequences (10000389 bp)...
[0000] 2. Calling kt_for - worker_aln
[0000] Inferring insert size distribution of PE reads from data, l_pac: 29903, n: 41740
[0000][PE] # candidate unique pairs for (FF, FR, RF, RR): (23, 19488, 24, 24)
[0000][PE] analyzing insert size distribution for orientation FF...
[0000][PE] (25, 50, 75) percentile: (1830, 2704, 5632)
[0000][PE] low and high boundaries for computing mean and std.dev: (1, 13236)
[0000][PE] mean and std.dev: (3563.96, 2396.00)
[0000][PE] low and high boundaries for proper pairs: (1, 17038)
[0000][PE] analyzing insert size distribution for orientation FR...
[0000][PE] (25, 50, 75) percentile: (379, 385, 393)
[0000][PE] low and high boundaries for computing mean and std.dev: (351, 421)
[0000][PE] mean and std.dev: (388.17, 12.17)
[0000][PE] low and high boundaries for proper pairs: (337, 437)
[0000][PE] analyzing insert size distribution for orientation RF...
[0000][PE] (25, 50, 75) percentile: (1166, 2226, 5545)
[0000][PE] low and high boundaries for computing mean and std.dev: (1, 14303)
[0000][PE] mean and std.dev: (3424.88, 2693.66)
[0000][PE] low and high boundaries for proper pairs: (1, 18682)
[0000][PE] analyzing insert size distribution for orientation RR...
[0000][PE] (25, 50, 75) percentile: (1823, 2401, 7325)
[0000][PE] low and high boundaries for computing mean and std.dev: (1, 18329)
[0000][PE] mean and std.dev: (4195.12, 3035.43)
[0000][PE] low and high boundaries for proper pairs: (1, 23831)
[0000][PE] skip orientation FF
[0000][PE] skip orientation RF
[0000][PE] skip orientation RR
[0000] 3. Calling kt_for - worker_sam
	[0000][ M::mem_process_seqs] Processed 41740 reads in 3.523 CPU sec, 4.519 real sec
[0000] Calling mem_process_seqs.., task: 1
[0000] 1. Calling kt_for - worker_bwt
[0000] read_chunk: 10000000, work_chunk_size: 10000068, nseq: 41600
	[0000][ M::kt_pipeline] read 41600 sequences (10000068 bp)...
[0000] 2. Calling kt_for - worker_aln
[0000] Inferring insert size distribution of PE reads from data, l_pac: 29903, n: 41772
[0000][PE] # candidate unique pairs for (FF, FR, RF, RR): (21, 19576, 18, 19)
[0000][PE] analyzing insert size distribution for orientation FF...
[0000][PE] (25, 50, 75) percentile: (1778, 1835, 7018)
[0000][PE] low and high boundaries for computing mean and std.dev: (1, 17498)
[0000][PE] mean and std.dev: (3353.29, 2798.76)
[0000][PE] low and high boundaries for proper pairs: (1, 22738)
[0000][PE] analyzing insert size distribution for orientation FR...
[0000][PE] (25, 50, 75) percentile: (379, 385, 393)
[0000][PE] low and high boundaries for computing mean and std.dev: (351, 421)
[0000][PE] mean and std.dev: (388.14, 12.48)
[0000][PE] low and high boundaries for proper pairs: (337, 438)
[0000][PE] analyzing insert size distribution for orientation RF...
[0000][PE] (25, 50, 75) percentile: (833, 1638, 3936)
[0000][PE] low and high boundaries for computing mean and std.dev: (1, 10142)
[0000][PE] mean and std.dev: (2524.44, 2181.82)
[0000][PE] low and high boundaries for proper pairs: (1, 13245)
[0000][PE] analyzing insert size distribution for orientation RR...
[0000][PE] (25, 50, 75) percentile: (1778, 2464, 5973)
[0000][PE] low and high boundaries for computing mean and std.dev: (1, 14363)
[0000][PE] mean and std.dev: (3836.32, 2878.81)
[0000][PE] low and high boundaries for proper pairs: (1, 18558)
[0000][PE] skip orientation FF
[0000][PE] skip orientation RF
[0000][PE] skip orientation RR
[0000] 3. Calling kt_for - worker_sam
	[0000][ M::mem_process_seqs] Processed 41772 reads in 4.178 CPU sec, 5.544 real sec
[0000] Calling mem_process_seqs.., task: 2
[0000] 1. Calling kt_for - worker_bwt
[0000] read_chunk: 10000000, work_chunk_size: 5463521, nseq: 22686
	[0000][ M::kt_pipeline] read 22686 sequences (5463521 bp)...
[0000] 2. Calling kt_for - worker_aln
[0000] Inferring insert size distribution of PE reads from data, l_pac: 29903, n: 41600
[0000][PE] # candidate unique pairs for (FF, FR, RF, RR): (26, 19515, 19, 16)
[0000][PE] analyzing insert size distribution for orientation FF...
[0000][PE] (25, 50, 75) percentile: (1835, 4364, 7966)
[0000][PE] low and high boundaries for computing mean and std.dev: (1, 20228)
[0000][PE] mean and std.dev: (4562.54, 3066.01)
[0000][PE] low and high boundaries for proper pairs: (1, 26359)
[0000][PE] analyzing insert size distribution for orientation FR...
[0000][PE] (25, 50, 75) percentile: (379, 386, 393)
[0000][PE] low and high boundaries for computing mean and std.dev: (351, 421)
[0000][PE] mean and std.dev: (388.23, 12.26)
[0000][PE] low and high boundaries for proper pairs: (337, 437)
[0000][PE] analyzing insert size distribution for orientation RF...
[0000][PE] (25, 50, 75) percentile: (848, 4087, 7143)
[0000][PE] low and high boundaries for computing mean and std.dev: (1, 19733)
[0000][PE] mean and std.dev: (4208.05, 3131.24)
[0000][PE] low and high boundaries for proper pairs: (1, 26028)
[0000][PE] analyzing insert size distribution for orientation RR...
[0000][PE] (25, 50, 75) percentile: (1835, 2978, 4966)
[0000][PE] low and high boundaries for computing mean and std.dev: (1, 11228)
[0000][PE] mean and std.dev: (3603.12, 2510.68)
[0000][PE] low and high boundaries for proper pairs: (1, 14359)
[0000][PE] skip orientation FF
[0000][PE] skip orientation RF
[0000][PE] skip orientation RR
[0000] 3. Calling kt_for - worker_sam
	[0000][ M::mem_process_seqs] Processed 41600 reads in 4.174 CPU sec, 5.241 real sec
[0000] Calling mem_process_seqs.., task: 3
[0000] 1. Calling kt_for - worker_bwt
[0000] read_chunk: 10000000, work_chunk_size: 0, nseq: 0
[0000] 2. Calling kt_for - worker_aln
[0000] Inferring insert size distribution of PE reads from data, l_pac: 29903, n: 22686
[0000][PE] # candidate unique pairs for (FF, FR, RF, RR): (13, 10580, 7, 15)
[0000][PE] analyzing insert size distribution for orientation FF...
[0000][PE] (25, 50, 75) percentile: (3063, 4476, 6392)
[0000][PE] low and high boundaries for computing mean and std.dev: (1, 13050)
[0000][PE] mean and std.dev: (4461.31, 2274.97)
[0000][PE] low and high boundaries for proper pairs: (1, 16379)
[0000][PE] analyzing insert size distribution for orientation FR...
[0000][PE] (25, 50, 75) percentile: (379, 386, 393)
[0000][PE] low and high boundaries for computing mean and std.dev: (351, 421)
[0000][PE] mean and std.dev: (388.16, 12.27)
[0000][PE] low and high boundaries for proper pairs: (337, 437)
[0000][PE] skip orientation RF as there are not enough pairs
[0000][PE] analyzing insert size distribution for orientation RR...
[0000][PE] (25, 50, 75) percentile: (1778, 1835, 6812)
[0000][PE] low and high boundaries for computing mean and std.dev: (1, 16880)
[0000][PE] mean and std.dev: (3656.67, 2613.95)
[0000][PE] low and high boundaries for proper pairs: (1, 21914)
[0000][PE] skip orientation FF
[0000][PE] skip orientation RR
[0000] 3. Calling kt_for - worker_sam
	[0000][ M::mem_process_seqs] Processed 22686 reads in 2.321 CPU sec, 2.840 real sec
[0000] read_chunk: 10000000, work_chunk_size: 0, nseq: 0
[0000] Computation ends..
No. of OMP threads: 1
Processor is running @2904.207846 MHz
Runtime profile:

	Time taken for main_mem function: 18.30 sec

	IO times (sec) :
	Reading IO time (reads) avg: 0.49, (0.49, 0.49)
	Writing IO time (SAM) avg: 0.37, (0.37, 0.37)
	Reading IO time (Reference Genome) avg: 0.00, (0.00, 0.00)
	Index read time avg: 0.00, (0.00, 0.00)

	Overall time (sec) (Excluding Index reading time):
	PROCESS() (Total compute time + (read + SAM) IO time) : 18.30
	MEM_PROCESS_SEQ() (Total compute time (Kernel + SAM)), avg: 18.14, (18.14, 18.14)

	 SAM Processing time (sec):
	--WORKER_SAM avg: 3.58, (3.58, 3.58)

	Kernels' compute time (sec):
	Total kernel (smem+sal+bsw) time avg: 14.54, (14.54, 14.54)
		SMEM compute avg: 3.72, (3.72, 3.72)
		SAL compute avg: 0.77, (0.77, 0.77)
				MEM_SA avg: 0.56, (0.56, 0.56)

		BSW time, avg: 9.87, (9.87, 9.87)

Important parameter settings: 
	BATCH_SIZE: 512
	MAX_SEQ_LEN_REF: 256
	MAX_SEQ_LEN_QER: 128
	MAX_SEQ_LEN8: 128
	SEEDS_PER_READ: 500
	SIMD_WIDTH8 X: 32
	SIMD_WIDTH16 X: 16
	AVG_SEEDS_PER_READ: 64
[bam_sort_core] merging from 0 files and 20 in-memory blocks...
